<?xml version="1.0" encoding="UTF-8"?>
<coverage generated="1581414410">
  <project timestamp="1581414410">
    <file name="/var/www/html/ci-test-unit/application/controllers/Api.php">
      <class name="Api" namespace="global">
        <metrics complexity="2" methods="2" coveredmethods="2" conditionals="0" coveredconditionals="0" statements="5" coveredstatements="5" elements="7" coveredelements="7"/>
      </class>
      <line num="4" type="stmt" count="1"/>
      <line num="8" type="method" name="__construct" complexity="1" crap="1" count="1"/>
      <line num="11" type="stmt" count="1"/>
      <line num="12" type="stmt" count="1"/>
      <line num="14" type="method" name="users_get" visibility="public" complexity="1" crap="1" count="1"/>
      <line num="19" type="stmt" count="1"/>
      <line num="23" type="stmt" count="1"/>
      <line num="58" type="stmt" count="1"/>
      <metrics loc="58" ncloc="-10" classes="1" methods="2" coveredmethods="2" conditionals="0" coveredconditionals="0" statements="6" coveredstatements="6" elements="8" coveredelements="8"/>
    </file>
    <file name="/var/www/html/ci-test-unit/application/controllers/Welcome.php">
      <class name="Welcome" namespace="global">
        <metrics complexity="1" methods="1" coveredmethods="0" conditionals="0" coveredconditionals="0" statements="3" coveredstatements="0" elements="4" coveredelements="0"/>
      </class>
      <line num="2" type="stmt" count="0"/>
      <line num="21" type="method" name="index" visibility="public" complexity="1" crap="2" count="0"/>
      <line num="22" type="stmt" count="0"/>
      <line num="23" type="stmt" count="0"/>
      <line num="24" type="stmt" count="0"/>
      <metrics loc="25" ncloc="10" classes="1" methods="1" coveredmethods="0" conditionals="0" coveredconditionals="0" statements="4" coveredstatements="0" elements="5" coveredelements="0"/>
    </file>
    <file name="/var/www/html/ci-test-unit/application/libraries/Format.php">
      <class name="Format" namespace="global">
        <metrics complexity="65" methods="14" coveredmethods="1" conditionals="0" coveredconditionals="0" statements="107" coveredstatements="11" elements="121" coveredelements="12"/>
      </class>
      <line num="83" type="method" name="__construct" visibility="public" complexity="3" crap="3.47" count="1"/>
      <line num="86" type="stmt" count="1"/>
      <line num="89" type="stmt" count="1"/>
      <line num="92" type="stmt" count="1"/>
      <line num="94" type="stmt" count="0"/>
      <line num="96" type="stmt" count="0"/>
      <line num="100" type="stmt" count="0"/>
      <line num="105" type="stmt" count="1"/>
      <line num="106" type="stmt" count="1"/>
      <line num="117" type="method" name="factory" visibility="public" complexity="1" crap="1" count="1"/>
      <line num="122" type="stmt" count="1"/>
      <line num="134" type="method" name="to_array" visibility="public" complexity="7" crap="56" count="0"/>
      <line num="138" type="stmt" count="0"/>
      <line num="140" type="stmt" count="0"/>
      <line num="144" type="stmt" count="0"/>
      <line num="146" type="stmt" count="0"/>
      <line num="149" type="stmt" count="0"/>
      <line num="150" type="stmt" count="0"/>
      <line num="152" type="stmt" count="0"/>
      <line num="154" type="stmt" count="0"/>
      <line num="158" type="stmt" count="0"/>
      <line num="162" type="stmt" count="0"/>
      <line num="174" type="method" name="to_xml" visibility="public" complexity="17" crap="306" count="0"/>
      <line num="176" type="stmt" count="0"/>
      <line num="178" type="stmt" count="0"/>
      <line num="181" type="stmt" count="0"/>
      <line num="183" type="stmt" count="0"/>
      <line num="187" type="stmt" count="0"/>
      <line num="189" type="stmt" count="0"/>
      <line num="192" type="stmt" count="0"/>
      <line num="196" type="stmt" count="0"/>
      <line num="198" type="stmt" count="0"/>
      <line num="202" type="stmt" count="0"/>
      <line num="205" type="stmt" count="0"/>
      <line num="209" type="stmt" count="0"/>
      <line num="211" type="stmt" count="0"/>
      <line num="213" type="stmt" count="0"/>
      <line num="214" type="stmt" count="0"/>
      <line num="216" type="stmt" count="0"/>
      <line num="219" type="stmt" count="0"/>
      <line num="221" type="stmt" count="0"/>
      <line num="225" type="stmt" count="0"/>
      <line num="227" type="stmt" count="0"/>
      <line num="230" type="stmt" count="0"/>
      <line num="235" type="stmt" count="0"/>
      <line num="237" type="stmt" count="0"/>
      <line num="241" type="stmt" count="0"/>
      <line num="251" type="method" name="to_html" visibility="public" complexity="7" crap="56" count="0"/>
      <line num="255" type="stmt" count="0"/>
      <line num="257" type="stmt" count="0"/>
      <line num="261" type="stmt" count="0"/>
      <line num="263" type="stmt" count="0"/>
      <line num="267" type="stmt" count="0"/>
      <line num="270" type="stmt" count="0"/>
      <line num="275" type="stmt" count="0"/>
      <line num="276" type="stmt" count="0"/>
      <line num="280" type="stmt" count="0"/>
      <line num="282" type="stmt" count="0"/>
      <line num="284" type="stmt" count="0"/>
      <line num="288" type="stmt" count="0"/>
      <line num="290" type="stmt" count="0"/>
      <line num="293" type="stmt" count="0"/>
      <line num="306" type="method" name="to_csv" visibility="public" complexity="11" crap="132" count="0"/>
      <line num="309" type="stmt" count="0"/>
      <line num="310" type="stmt" count="0"/>
      <line num="312" type="stmt" count="0"/>
      <line num="317" type="stmt" count="0"/>
      <line num="319" type="stmt" count="0"/>
      <line num="323" type="stmt" count="0"/>
      <line num="325" type="stmt" count="0"/>
      <line num="329" type="stmt" count="0"/>
      <line num="331" type="stmt" count="0"/>
      <line num="335" type="stmt" count="0"/>
      <line num="337" type="stmt" count="0"/>
      <line num="341" type="stmt" count="0"/>
      <line num="344" type="stmt" count="0"/>
      <line num="349" type="stmt" count="0"/>
      <line num="350" type="stmt" count="0"/>
      <line num="354" type="stmt" count="0"/>
      <line num="356" type="stmt" count="0"/>
      <line num="360" type="stmt" count="0"/>
      <line num="362" type="stmt" count="0"/>
      <line num="367" type="stmt" count="0"/>
      <line num="370" type="stmt" count="0"/>
      <line num="374" type="stmt" count="0"/>
      <line num="377" type="stmt" count="0"/>
      <line num="380" type="stmt" count="0"/>
      <line num="383" type="stmt" count="0"/>
      <line num="385" type="stmt" count="0"/>
      <line num="395" type="method" name="to_json" visibility="public" complexity="5" crap="7.19" count="1"/>
      <line num="399" type="stmt" count="1"/>
      <line num="401" type="stmt" count="1"/>
      <line num="405" type="stmt" count="1"/>
      <line num="407" type="stmt" count="1"/>
      <line num="409" type="stmt" count="1"/>
      <line num="413" type="stmt" count="0"/>
      <line num="416" type="stmt" count="0"/>
      <line num="421" type="stmt" count="0"/>
      <line num="423" type="stmt" count="0"/>
      <line num="433" type="method" name="to_serialized" visibility="public" complexity="3" crap="12" count="0"/>
      <line num="437" type="stmt" count="0"/>
      <line num="439" type="stmt" count="0"/>
      <line num="442" type="stmt" count="0"/>
      <line num="452" type="method" name="to_php" visibility="public" complexity="3" crap="12" count="0"/>
      <line num="456" type="stmt" count="0"/>
      <line num="458" type="stmt" count="0"/>
      <line num="461" type="stmt" count="0"/>
      <line num="470" type="method" name="_from_xml" visibility="protected" complexity="2" crap="6" count="0"/>
      <line num="472" type="stmt" count="0"/>
      <line num="484" type="method" name="_from_csv" visibility="protected" complexity="3" crap="12" count="0"/>
      <line num="487" type="stmt" count="0"/>
      <line num="489" type="stmt" count="0"/>
      <line num="493" type="stmt" count="0"/>
      <line num="495" type="stmt" count="0"/>
      <line num="498" type="stmt" count="0"/>
      <line num="505" type="method" name="_from_json" visibility="protected" complexity="1" crap="2" count="0"/>
      <line num="507" type="stmt" count="0"/>
      <line num="514" type="method" name="_from_serialize" visibility="protected" complexity="1" crap="2" count="0"/>
      <line num="516" type="stmt" count="0"/>
      <line num="523" type="method" name="_from_php" visibility="protected" complexity="1" crap="2" count="0"/>
      <line num="525" type="stmt" count="0"/>
      <metrics loc="526" ncloc="263" classes="1" methods="14" coveredmethods="1" conditionals="0" coveredconditionals="0" statements="107" coveredstatements="11" elements="121" coveredelements="12"/>
    </file>
    <file name="/var/www/html/ci-test-unit/application/libraries/REST_Controller.php">
      <class name="REST_Controller" namespace="global" fullPackage="CodeIgniter.Libraries" category="Libraries" package="CodeIgniter" subpackage="Libraries">
        <metrics complexity="272" methods="47" coveredmethods="5" conditionals="0" coveredconditionals="0" statements="625" coveredstatements="128" elements="672" coveredelements="133"/>
      </class>
      <line num="369" type="method" name="early_checks" visibility="protected" complexity="1" crap="1" count="1"/>
      <line num="371" type="stmt" count="1"/>
      <line num="380" type="method" name="__construct" visibility="public" complexity="28" crap="46.29" count="1"/>
      <line num="382" type="stmt" count="1"/>
      <line num="384" type="stmt" count="1"/>
      <line num="387" type="stmt" count="1"/>
      <line num="391" type="stmt" count="1"/>
      <line num="394" type="stmt" count="1"/>
      <line num="397" type="stmt" count="1"/>
      <line num="400" type="stmt" count="1"/>
      <line num="403" type="stmt" count="1"/>
      <line num="406" type="stmt" count="1"/>
      <line num="408" type="stmt" count="0"/>
      <line num="411" type="stmt" count="1"/>
      <line num="413" type="stmt" count="0"/>
      <line num="417" type="stmt" count="1"/>
      <line num="418" type="stmt" count="1"/>
      <line num="420" type="stmt" count="0"/>
      <line num="424" type="stmt" count="1"/>
      <line num="427" type="stmt" count="1"/>
      <line num="428" type="stmt" count="1"/>
      <line num="430" type="stmt" count="0"/>
      <line num="434" type="stmt" count="1"/>
      <line num="437" type="stmt" count="1"/>
      <line num="438" type="stmt" count="1"/>
      <line num="439" type="stmt" count="1"/>
      <line num="442" type="stmt" count="1"/>
      <line num="444" type="stmt" count="0"/>
      <line num="448" type="stmt" count="1"/>
      <line num="451" type="stmt" count="1"/>
      <line num="454" type="stmt" count="1"/>
      <line num="455" type="stmt" count="1"/>
      <line num="457" type="stmt" count="0"/>
      <line num="461" type="stmt" count="1"/>
      <line num="463" type="stmt" count="0"/>
      <line num="467" type="stmt" count="1"/>
      <line num="470" type="stmt" count="1"/>
      <line num="473" type="stmt" count="1"/>
      <line num="476" type="stmt" count="1"/>
      <line num="478" type="stmt" count="1"/>
      <line num="481" type="stmt" count="1"/>
      <line num="483" type="stmt" count="0"/>
      <line num="487" type="stmt" count="1"/>
      <line num="489" type="stmt" count="0"/>
      <line num="491" type="stmt" count="0"/>
      <line num="495" type="stmt" count="1"/>
      <line num="498" type="stmt" count="1"/>
      <line num="499" type="stmt" count="1"/>
      <line num="500" type="stmt" count="1"/>
      <line num="501" type="stmt" count="1"/>
      <line num="502" type="stmt" count="1"/>
      <line num="503" type="stmt" count="1"/>
      <line num="504" type="stmt" count="1"/>
      <line num="505" type="stmt" count="1"/>
      <line num="506" type="stmt" count="1"/>
      <line num="510" type="stmt" count="1"/>
      <line num="513" type="stmt" count="1"/>
      <line num="516" type="stmt" count="1"/>
      <line num="519" type="stmt" count="1"/>
      <line num="521" type="stmt" count="0"/>
      <line num="525" type="stmt" count="1"/>
      <line num="527" type="stmt" count="0"/>
      <line num="532" type="stmt" count="1"/>
      <line num="536" type="stmt" count="1"/>
      <line num="538" type="stmt" count="0"/>
      <line num="542" type="stmt" count="1"/>
      <line num="545" type="stmt" count="0"/>
      <line num="546" type="stmt" count="0"/>
      <line num="547" type="stmt" count="0"/>
      <line num="548" type="stmt" count="0"/>
      <line num="552" type="stmt" count="1"/>
      <line num="553" type="stmt" count="1"/>
      <line num="554" type="stmt" count="1"/>
      <line num="556" type="stmt" count="1"/>
      <line num="557" type="stmt" count="1"/>
      <line num="559" type="stmt" count="1"/>
      <line num="560" type="stmt" count="0"/>
      <line num="561" type="stmt" count="0"/>
      <line num="562" type="stmt" count="1"/>
      <line num="563" type="stmt" count="0"/>
      <line num="564" type="stmt" count="0"/>
      <line num="565" type="stmt" count="1"/>
      <line num="566" type="stmt" count="0"/>
      <line num="567" type="stmt" count="0"/>
      <line num="569" type="stmt" count="1"/>
      <line num="571" type="stmt" count="0"/>
      <line num="574" type="stmt" count="1"/>
      <line num="583" type="method" name="__destruct" visibility="public" complexity="2" crap="6" count="0"/>
      <line num="586" type="stmt" count="0"/>
      <line num="589" type="stmt" count="0"/>
      <line num="591" type="stmt" count="0"/>
      <line num="593" type="stmt" count="0"/>
      <line num="601" type="method" name="preflight_checks" visibility="protected" complexity="3" crap="3.58" count="1"/>
      <line num="604" type="stmt" count="1"/>
      <line num="607" type="stmt" count="0"/>
      <line num="611" type="stmt" count="1"/>
      <line num="613" type="stmt" count="0"/>
      <line num="615" type="stmt" count="1"/>
      <line num="626" type="method" name="_remap" visibility="public" complexity="35" crap="569.82" count="1"/>
      <line num="629" type="stmt" count="1"/>
      <line num="631" type="stmt" count="0"/>
      <line num="632" type="stmt" count="0"/>
      <line num="633" type="stmt" count="0"/>
      <line num="634" type="stmt" count="0"/>
      <line num="638" type="stmt" count="1"/>
      <line num="640" type="stmt" count="1"/>
      <line num="642" type="stmt" count="1"/>
      <line num="643" type="stmt" count="0"/>
      <line num="644" type="stmt" count="0"/>
      <line num="648" type="stmt" count="1"/>
      <line num="651" type="stmt" count="1"/>
      <line num="654" type="stmt" count="1"/>
      <line num="656" type="stmt" count="0"/>
      <line num="658" type="stmt" count="0"/>
      <line num="662" type="stmt" count="0"/>
      <line num="663" type="stmt" count="0"/>
      <line num="666" type="stmt" count="0"/>
      <line num="667" type="stmt" count="0"/>
      <line num="668" type="stmt" count="0"/>
      <line num="669" type="stmt" count="0"/>
      <line num="673" type="stmt" count="1"/>
      <line num="675" type="stmt" count="0"/>
      <line num="677" type="stmt" count="0"/>
      <line num="680" type="stmt" count="0"/>
      <line num="681" type="stmt" count="0"/>
      <line num="682" type="stmt" count="0"/>
      <line num="683" type="stmt" count="0"/>
      <line num="687" type="stmt" count="1"/>
      <line num="689" type="stmt" count="0"/>
      <line num="690" type="stmt" count="0"/>
      <line num="691" type="stmt" count="0"/>
      <line num="692" type="stmt" count="0"/>
      <line num="696" type="stmt" count="1"/>
      <line num="699" type="stmt" count="0"/>
      <line num="701" type="stmt" count="0"/>
      <line num="702" type="stmt" count="0"/>
      <line num="706" type="stmt" count="0"/>
      <line num="709" type="stmt" count="0"/>
      <line num="711" type="stmt" count="0"/>
      <line num="713" type="stmt" count="0"/>
      <line num="715" type="stmt" count="0"/>
      <line num="718" type="stmt" count="0"/>
      <line num="719" type="stmt" count="0"/>
      <line num="724" type="stmt" count="1"/>
      <line num="726" type="stmt" count="0"/>
      <line num="727" type="stmt" count="0"/>
      <line num="731" type="stmt" count="1"/>
      <line num="733" type="stmt" count="0"/>
      <line num="739" type="stmt" count="1"/>
      <line num="741" type="stmt" count="0"/>
      <line num="744" type="stmt" count="0"/>
      <line num="746" type="stmt" count="0"/>
      <line num="748" type="stmt" count="0"/>
      <line num="749" type="stmt" count="0"/>
      <line num="753" type="stmt" count="0"/>
      <line num="754" type="stmt" count="0"/>
      <line num="756" type="stmt" count="1"/>
      <line num="766" type="method" name="response" visibility="public" complexity="11" crap="13.45" count="1"/>
      <line num="768" type="stmt" count="1"/>
      <line num="770" type="stmt" count="1"/>
      <line num="773" type="stmt" count="0"/>
      <line num="777" type="stmt" count="1"/>
      <line num="780" type="stmt" count="1"/>
      <line num="782" type="stmt" count="0"/>
      <line num="786" type="stmt" count="1"/>
      <line num="789" type="stmt" count="1"/>
      <line num="792" type="stmt" count="1"/>
      <line num="793" type="stmt" count="1"/>
      <line num="797" type="stmt" count="1"/>
      <line num="799" type="stmt" count="1"/>
      <line num="805" type="stmt" count="0"/>
      <line num="807" type="stmt" count="0"/>
      <line num="811" type="stmt" count="0"/>
      <line num="818" type="stmt" count="1"/>
      <line num="820" type="stmt" count="1"/>
      <line num="823" type="stmt" count="1"/>
      <line num="825" type="stmt" count="0"/>
      <line num="829" type="stmt" count="1"/>
      <line num="831" type="stmt" count="1"/>
      <line num="834" type="stmt" count="1"/>
      <line num="846" type="method" name="set_response" visibility="public" complexity="1" crap="2" count="0"/>
      <line num="848" type="stmt" count="0"/>
      <line num="849" type="stmt" count="0"/>
      <line num="857" type="method" name="_detect_input_format" visibility="protected" complexity="5" crap="9.66" count="1"/>
      <line num="860" type="stmt" count="1"/>
      <line num="862" type="stmt" count="1"/>
      <line num="866" type="stmt" count="0"/>
      <line num="869" type="stmt" count="0"/>
      <line num="875" type="stmt" count="0"/>
      <line num="877" type="stmt" count="0"/>
      <line num="882" type="stmt" count="1"/>
      <line num="893" type="method" name="_get_default_output_format" visibility="protected" complexity="2" crap="2" count="1"/>
      <line num="895" type="stmt" count="1"/>
      <line num="896" type="stmt" count="1"/>
      <line num="905" type="method" name="_detect_output_format" visibility="protected" complexity="15" crap="68.38" count="1"/>
      <line num="908" type="stmt" count="1"/>
      <line num="909" type="stmt" count="1"/>
      <line num="912" type="stmt" count="1"/>
      <line num="914" type="stmt" count="0"/>
      <line num="918" type="stmt" count="1"/>
      <line num="920" type="stmt" count="0"/>
      <line num="922" type="stmt" count="0"/>
      <line num="924" type="stmt" count="0"/>
      <line num="929" type="stmt" count="1"/>
      <line num="932" type="stmt" count="1"/>
      <line num="935" type="stmt" count="0"/>
      <line num="938" type="stmt" count="0"/>
      <line num="940" type="stmt" count="0"/>
      <line num="943" type="stmt" count="0"/>
      <line num="945" type="stmt" count="0"/>
      <line num="949" type="stmt" count="0"/>
      <line num="951" type="stmt" count="0"/>
      <line num="954" type="stmt" count="0"/>
      <line num="961" type="stmt" count="1"/>
      <line num="963" type="stmt" count="0"/>
      <line num="967" type="stmt" count="1"/>
      <line num="976" type="method" name="_detect_method" visibility="protected" complexity="6" crap="6" count="1"/>
      <line num="979" type="stmt" count="1"/>
      <line num="982" type="stmt" count="1"/>
      <line num="984" type="stmt" count="1"/>
      <line num="985" type="stmt" count="1"/>
      <line num="987" type="stmt" count="1"/>
      <line num="990" type="stmt" count="1"/>
      <line num="993" type="stmt" count="1"/>
      <line num="996" type="stmt" count="1"/>
      <line num="999" type="stmt" count="1"/>
      <line num="1008" type="method" name="_detect_api_key" visibility="protected" complexity="11" crap="132" count="0"/>
      <line num="1011" type="stmt" count="0"/>
      <line num="1014" type="stmt" count="0"/>
      <line num="1016" type="stmt" count="0"/>
      <line num="1017" type="stmt" count="0"/>
      <line num="1018" type="stmt" count="0"/>
      <line num="1019" type="stmt" count="0"/>
      <line num="1022" type="stmt" count="0"/>
      <line num="1024" type="stmt" count="0"/>
      <line num="1026" type="stmt" count="0"/>
      <line num="1029" type="stmt" count="0"/>
      <line num="1031" type="stmt" count="0"/>
      <line num="1032" type="stmt" count="0"/>
      <line num="1033" type="stmt" count="0"/>
      <line num="1035" type="stmt" count="0"/>
      <line num="1041" type="stmt" count="0"/>
      <line num="1044" type="stmt" count="0"/>
      <line num="1047" type="stmt" count="0"/>
      <line num="1048" type="stmt" count="0"/>
      <line num="1050" type="stmt" count="0"/>
      <line num="1052" type="stmt" count="0"/>
      <line num="1055" type="stmt" count="0"/>
      <line num="1056" type="stmt" count="0"/>
      <line num="1060" type="stmt" count="0"/>
      <line num="1065" type="stmt" count="0"/>
      <line num="1069" type="stmt" count="0"/>
      <line num="1073" type="stmt" count="0"/>
      <line num="1082" type="method" name="_detect_lang" visibility="protected" complexity="4" crap="10.15" count="1"/>
      <line num="1084" type="stmt" count="1"/>
      <line num="1085" type="stmt" count="1"/>
      <line num="1087" type="stmt" count="1"/>
      <line num="1091" type="stmt" count="0"/>
      <line num="1093" type="stmt" count="0"/>
      <line num="1095" type="stmt" count="0"/>
      <line num="1096" type="stmt" count="0"/>
      <line num="1099" type="stmt" count="0"/>
      <line num="1100" type="stmt" count="0"/>
      <line num="1103" type="stmt" count="0"/>
      <line num="1107" type="stmt" count="0"/>
      <line num="1117" type="method" name="_log_request" visibility="protected" complexity="4" crap="20" count="0"/>
      <line num="1120" type="stmt" count="0"/>
      <line num="1121" type="stmt" count="0"/>
      <line num="1122" type="stmt" count="0"/>
      <line num="1123" type="stmt" count="0"/>
      <line num="1124" type="stmt" count="0"/>
      <line num="1125" type="stmt" count="0"/>
      <line num="1126" type="stmt" count="0"/>
      <line num="1127" type="stmt" count="0"/>
      <line num="1128" type="stmt" count="0"/>
      <line num="1129" type="stmt" count="0"/>
      <line num="1133" type="stmt" count="0"/>
      <line num="1135" type="stmt" count="0"/>
      <line num="1145" type="method" name="_check_limit" visibility="protected" complexity="13" crap="182" count="0"/>
      <line num="1148" type="stmt" count="0"/>
      <line num="1151" type="stmt" count="0"/>
      <line num="1154" type="stmt" count="0"/>
      <line num="1156" type="stmt" count="0"/>
      <line num="1158" type="stmt" count="0"/>
      <line num="1159" type="stmt" count="0"/>
      <line num="1160" type="stmt" count="0"/>
      <line num="1161" type="stmt" count="0"/>
      <line num="1163" type="stmt" count="0"/>
      <line num="1164" type="stmt" count="0"/>
      <line num="1165" type="stmt" count="0"/>
      <line num="1167" type="stmt" count="0"/>
      <line num="1168" type="stmt" count="0"/>
      <line num="1169" type="stmt" count="0"/>
      <line num="1171" type="stmt" count="0"/>
      <line num="1173" type="stmt" count="0"/>
      <line num="1174" type="stmt" count="0"/>
      <line num="1176" type="stmt" count="0"/>
      <line num="1178" type="stmt" count="0"/>
      <line num="1179" type="stmt" count="0"/>
      <line num="1182" type="stmt" count="0"/>
      <line num="1185" type="stmt" count="0"/>
      <line num="1189" type="stmt" count="0"/>
      <line num="1191" type="stmt" count="0"/>
      <line num="1194" type="stmt" count="0"/>
      <line num="1195" type="stmt" count="0"/>
      <line num="1196" type="stmt" count="0"/>
      <line num="1197" type="stmt" count="0"/>
      <line num="1198" type="stmt" count="0"/>
      <line num="1201" type="stmt" count="0"/>
      <line num="1204" type="stmt" count="0"/>
      <line num="1205" type="stmt" count="0"/>
      <line num="1206" type="stmt" count="0"/>
      <line num="1207" type="stmt" count="0"/>
      <line num="1208" type="stmt" count="0"/>
      <line num="1213" type="stmt" count="0"/>
      <line num="1216" type="stmt" count="0"/>
      <line num="1217" type="stmt" count="0"/>
      <line num="1218" type="stmt" count="0"/>
      <line num="1219" type="stmt" count="0"/>
      <line num="1220" type="stmt" count="0"/>
      <line num="1221" type="stmt" count="0"/>
      <line num="1228" type="stmt" count="0"/>
      <line num="1230" type="stmt" count="0"/>
      <line num="1234" type="stmt" count="0"/>
      <line num="1235" type="stmt" count="0"/>
      <line num="1236" type="stmt" count="0"/>
      <line num="1237" type="stmt" count="0"/>
      <line num="1238" type="stmt" count="0"/>
      <line num="1241" type="stmt" count="0"/>
      <line num="1250" type="method" name="_auth_override_check" visibility="protected" complexity="27" crap="600.38" count="1"/>
      <line num="1253" type="stmt" count="1"/>
      <line num="1256" type="stmt" count="1"/>
      <line num="1259" type="stmt" count="0"/>
      <line num="1262" type="stmt" count="0"/>
      <line num="1264" type="stmt" count="0"/>
      <line num="1268" type="stmt" count="0"/>
      <line num="1270" type="stmt" count="0"/>
      <line num="1272" type="stmt" count="0"/>
      <line num="1276" type="stmt" count="0"/>
      <line num="1278" type="stmt" count="0"/>
      <line num="1280" type="stmt" count="0"/>
      <line num="1284" type="stmt" count="0"/>
      <line num="1286" type="stmt" count="0"/>
      <line num="1288" type="stmt" count="0"/>
      <line num="1292" type="stmt" count="0"/>
      <line num="1294" type="stmt" count="0"/>
      <line num="1296" type="stmt" count="0"/>
      <line num="1301" type="stmt" count="0"/>
      <line num="1304" type="stmt" count="0"/>
      <line num="1306" type="stmt" count="0"/>
      <line num="1310" type="stmt" count="0"/>
      <line num="1312" type="stmt" count="0"/>
      <line num="1314" type="stmt" count="0"/>
      <line num="1318" type="stmt" count="0"/>
      <line num="1320" type="stmt" count="0"/>
      <line num="1322" type="stmt" count="0"/>
      <line num="1326" type="stmt" count="0"/>
      <line num="1328" type="stmt" count="0"/>
      <line num="1330" type="stmt" count="0"/>
      <line num="1334" type="stmt" count="0"/>
      <line num="1336" type="stmt" count="0"/>
      <line num="1338" type="stmt" count="0"/>
      <line num="1344" type="stmt" count="1"/>
      <line num="1347" type="stmt" count="1"/>
      <line num="1350" type="stmt" count="0"/>
      <line num="1353" type="stmt" count="0"/>
      <line num="1355" type="stmt" count="0"/>
      <line num="1359" type="stmt" count="0"/>
      <line num="1361" type="stmt" count="0"/>
      <line num="1363" type="stmt" count="0"/>
      <line num="1367" type="stmt" count="0"/>
      <line num="1369" type="stmt" count="0"/>
      <line num="1371" type="stmt" count="0"/>
      <line num="1375" type="stmt" count="0"/>
      <line num="1377" type="stmt" count="0"/>
      <line num="1379" type="stmt" count="0"/>
      <line num="1383" type="stmt" count="0"/>
      <line num="1385" type="stmt" count="0"/>
      <line num="1387" type="stmt" count="0"/>
      <line num="1392" type="stmt" count="0"/>
      <line num="1395" type="stmt" count="0"/>
      <line num="1397" type="stmt" count="0"/>
      <line num="1401" type="stmt" count="0"/>
      <line num="1403" type="stmt" count="0"/>
      <line num="1405" type="stmt" count="0"/>
      <line num="1409" type="stmt" count="0"/>
      <line num="1411" type="stmt" count="0"/>
      <line num="1413" type="stmt" count="0"/>
      <line num="1417" type="stmt" count="0"/>
      <line num="1419" type="stmt" count="0"/>
      <line num="1421" type="stmt" count="0"/>
      <line num="1425" type="stmt" count="0"/>
      <line num="1427" type="stmt" count="0"/>
      <line num="1429" type="stmt" count="0"/>
      <line num="1433" type="stmt" count="1"/>
      <line num="1442" type="method" name="_parse_get" visibility="protected" complexity="1" crap="1" count="1"/>
      <line num="1445" type="stmt" count="1"/>
      <line num="1446" type="stmt" count="1"/>
      <line num="1454" type="method" name="_parse_post" visibility="protected" complexity="2" crap="6" count="0"/>
      <line num="1456" type="stmt" count="0"/>
      <line num="1458" type="stmt" count="0"/>
      <line num="1460" type="stmt" count="0"/>
      <line num="1462" type="stmt" count="0"/>
      <line num="1470" type="method" name="_parse_put" visibility="protected" complexity="4" crap="20" count="0"/>
      <line num="1472" type="stmt" count="0"/>
      <line num="1474" type="stmt" count="0"/>
      <line num="1475" type="stmt" count="0"/>
      <line num="1477" type="stmt" count="0"/>
      <line num="1480" type="stmt" count="0"/>
      <line num="1483" type="stmt" count="0"/>
      <line num="1485" type="stmt" count="0"/>
      <line num="1493" type="method" name="_parse_head" visibility="protected" complexity="1" crap="2" count="0"/>
      <line num="1496" type="stmt" count="0"/>
      <line num="1499" type="stmt" count="0"/>
      <line num="1500" type="stmt" count="0"/>
      <line num="1508" type="method" name="_parse_options" visibility="protected" complexity="1" crap="2" count="0"/>
      <line num="1511" type="stmt" count="0"/>
      <line num="1514" type="stmt" count="0"/>
      <line num="1515" type="stmt" count="0"/>
      <line num="1523" type="method" name="_parse_patch" visibility="protected" complexity="3" crap="12" count="0"/>
      <line num="1526" type="stmt" count="0"/>
      <line num="1528" type="stmt" count="0"/>
      <line num="1530" type="stmt" count="0"/>
      <line num="1533" type="stmt" count="0"/>
      <line num="1535" type="stmt" count="0"/>
      <line num="1543" type="method" name="_parse_delete" visibility="protected" complexity="2" crap="6" count="0"/>
      <line num="1546" type="stmt" count="0"/>
      <line num="1548" type="stmt" count="0"/>
      <line num="1550" type="stmt" count="0"/>
      <line num="1558" type="method" name="_parse_query" visibility="protected" complexity="1" crap="1" count="1"/>
      <line num="1560" type="stmt" count="1"/>
      <line num="1561" type="stmt" count="1"/>
      <line num="1574" type="method" name="get" visibility="public" complexity="3" crap="12" count="0"/>
      <line num="1576" type="stmt" count="0"/>
      <line num="1578" type="stmt" count="0"/>
      <line num="1581" type="stmt" count="0"/>
      <line num="1593" type="method" name="options" visibility="public" complexity="3" crap="12" count="0"/>
      <line num="1595" type="stmt" count="0"/>
      <line num="1597" type="stmt" count="0"/>
      <line num="1600" type="stmt" count="0"/>
      <line num="1612" type="method" name="head" visibility="public" complexity="3" crap="12" count="0"/>
      <line num="1614" type="stmt" count="0"/>
      <line num="1616" type="stmt" count="0"/>
      <line num="1619" type="stmt" count="0"/>
      <line num="1631" type="method" name="post" visibility="public" complexity="3" crap="12" count="0"/>
      <line num="1633" type="stmt" count="0"/>
      <line num="1635" type="stmt" count="0"/>
      <line num="1638" type="stmt" count="0"/>
      <line num="1650" type="method" name="put" visibility="public" complexity="3" crap="12" count="0"/>
      <line num="1652" type="stmt" count="0"/>
      <line num="1654" type="stmt" count="0"/>
      <line num="1657" type="stmt" count="0"/>
      <line num="1669" type="method" name="delete" visibility="public" complexity="3" crap="12" count="0"/>
      <line num="1671" type="stmt" count="0"/>
      <line num="1673" type="stmt" count="0"/>
      <line num="1676" type="stmt" count="0"/>
      <line num="1688" type="method" name="patch" visibility="public" complexity="3" crap="12" count="0"/>
      <line num="1690" type="stmt" count="0"/>
      <line num="1692" type="stmt" count="0"/>
      <line num="1695" type="stmt" count="0"/>
      <line num="1707" type="method" name="query" visibility="public" complexity="3" crap="12" count="0"/>
      <line num="1709" type="stmt" count="0"/>
      <line num="1711" type="stmt" count="0"/>
      <line num="1714" type="stmt" count="0"/>
      <line num="1726" type="method" name="_xss_clean" visibility="protected" complexity="3" crap="12" count="0"/>
      <line num="1728" type="stmt" count="0"/>
      <line num="1730" type="stmt" count="0"/>
      <line num="1739" type="method" name="validation_errors" visibility="public" complexity="1" crap="2" count="0"/>
      <line num="1741" type="stmt" count="0"/>
      <line num="1743" type="stmt" count="0"/>
      <line num="1756" type="method" name="_perform_ldap_auth" visibility="protected" complexity="10" crap="110" count="0"/>
      <line num="1758" type="stmt" count="0"/>
      <line num="1760" type="stmt" count="0"/>
      <line num="1761" type="stmt" count="0"/>
      <line num="1764" type="stmt" count="0"/>
      <line num="1766" type="stmt" count="0"/>
      <line num="1769" type="stmt" count="0"/>
      <line num="1770" type="stmt" count="0"/>
      <line num="1771" type="stmt" count="0"/>
      <line num="1772" type="stmt" count="0"/>
      <line num="1773" type="stmt" count="0"/>
      <line num="1774" type="stmt" count="0"/>
      <line num="1777" type="stmt" count="0"/>
      <line num="1780" type="stmt" count="0"/>
      <line num="1781" type="stmt" count="0"/>
      <line num="1783" type="stmt" count="0"/>
      <line num="1785" type="stmt" count="0"/>
      <line num="1787" type="stmt" count="0"/>
      <line num="1790" type="stmt" count="0"/>
      <line num="1793" type="stmt" count="0"/>
      <line num="1795" type="stmt" count="0"/>
      <line num="1796" type="stmt" count="0"/>
      <line num="1799" type="stmt" count="0"/>
      <line num="1803" type="stmt" count="0"/>
      <line num="1805" type="stmt" count="0"/>
      <line num="1806" type="stmt" count="0"/>
      <line num="1809" type="stmt" count="0"/>
      <line num="1811" type="stmt" count="0"/>
      <line num="1812" type="stmt" count="0"/>
      <line num="1815" type="stmt" count="0"/>
      <line num="1817" type="stmt" count="0"/>
      <line num="1818" type="stmt" count="0"/>
      <line num="1821" type="stmt" count="0"/>
      <line num="1823" type="stmt" count="0"/>
      <line num="1824" type="stmt" count="0"/>
      <line num="1828" type="stmt" count="0"/>
      <line num="1830" type="stmt" count="0"/>
      <line num="1831" type="stmt" count="0"/>
      <line num="1834" type="stmt" count="0"/>
      <line num="1836" type="stmt" count="0"/>
      <line num="1838" type="stmt" count="0"/>
      <line num="1840" type="stmt" count="0"/>
      <line num="1851" type="method" name="_perform_library_auth" visibility="protected" complexity="5" crap="30" count="0"/>
      <line num="1853" type="stmt" count="0"/>
      <line num="1855" type="stmt" count="0"/>
      <line num="1856" type="stmt" count="0"/>
      <line num="1859" type="stmt" count="0"/>
      <line num="1860" type="stmt" count="0"/>
      <line num="1862" type="stmt" count="0"/>
      <line num="1864" type="stmt" count="0"/>
      <line num="1865" type="stmt" count="0"/>
      <line num="1868" type="stmt" count="0"/>
      <line num="1870" type="stmt" count="0"/>
      <line num="1871" type="stmt" count="0"/>
      <line num="1874" type="stmt" count="0"/>
      <line num="1876" type="stmt" count="0"/>
      <line num="1879" type="stmt" count="0"/>
      <line num="1890" type="method" name="_check_login" visibility="protected" complexity="10" crap="110" count="0"/>
      <line num="1892" type="stmt" count="0"/>
      <line num="1894" type="stmt" count="0"/>
      <line num="1897" type="stmt" count="0"/>
      <line num="1898" type="stmt" count="0"/>
      <line num="1899" type="stmt" count="0"/>
      <line num="1901" type="stmt" count="0"/>
      <line num="1904" type="stmt" count="0"/>
      <line num="1907" type="stmt" count="0"/>
      <line num="1909" type="stmt" count="0"/>
      <line num="1912" type="stmt" count="0"/>
      <line num="1914" type="stmt" count="0"/>
      <line num="1916" type="stmt" count="0"/>
      <line num="1919" type="stmt" count="0"/>
      <line num="1921" type="stmt" count="0"/>
      <line num="1923" type="stmt" count="0"/>
      <line num="1926" type="stmt" count="0"/>
      <line num="1928" type="stmt" count="0"/>
      <line num="1931" type="stmt" count="0"/>
      <line num="1933" type="stmt" count="0"/>
      <line num="1936" type="stmt" count="0"/>
      <line num="1945" type="method" name="_check_php_session" visibility="protected" complexity="2" crap="6" count="0"/>
      <line num="1948" type="stmt" count="0"/>
      <line num="1951" type="stmt" count="0"/>
      <line num="1954" type="stmt" count="0"/>
      <line num="1955" type="stmt" count="0"/>
      <line num="1956" type="stmt" count="0"/>
      <line num="1957" type="stmt" count="0"/>
      <line num="1959" type="stmt" count="0"/>
      <line num="1967" type="method" name="_prepare_basic_auth" visibility="protected" complexity="6" crap="42" count="0"/>
      <line num="1970" type="stmt" count="0"/>
      <line num="1972" type="stmt" count="0"/>
      <line num="1976" type="stmt" count="0"/>
      <line num="1977" type="stmt" count="0"/>
      <line num="1979" type="stmt" count="0"/>
      <line num="1980" type="stmt" count="0"/>
      <line num="1982" type="stmt" count="0"/>
      <line num="1984" type="stmt" count="0"/>
      <line num="1988" type="stmt" count="0"/>
      <line num="1991" type="stmt" count="0"/>
      <line num="1996" type="stmt" count="0"/>
      <line num="1998" type="stmt" count="0"/>
      <line num="2000" type="stmt" count="0"/>
      <line num="2008" type="method" name="_prepare_digest_auth" visibility="protected" complexity="9" crap="90" count="0"/>
      <line num="2011" type="stmt" count="0"/>
      <line num="2013" type="stmt" count="0"/>
      <line num="2018" type="stmt" count="0"/>
      <line num="2019" type="stmt" count="0"/>
      <line num="2021" type="stmt" count="0"/>
      <line num="2024" type="stmt" count="0"/>
      <line num="2028" type="stmt" count="0"/>
      <line num="2030" type="stmt" count="0"/>
      <line num="2034" type="stmt" count="0"/>
      <line num="2035" type="stmt" count="0"/>
      <line num="2036" type="stmt" count="0"/>
      <line num="2039" type="stmt" count="0"/>
      <line num="2040" type="stmt" count="0"/>
      <line num="2042" type="stmt" count="0"/>
      <line num="2045" type="stmt" count="0"/>
      <line num="2046" type="stmt" count="0"/>
      <line num="2049" type="stmt" count="0"/>
      <line num="2052" type="stmt" count="0"/>
      <line num="2053" type="stmt" count="0"/>
      <line num="2054" type="stmt" count="0"/>
      <line num="2055" type="stmt" count="0"/>
      <line num="2057" type="stmt" count="0"/>
      <line num="2065" type="method" name="_check_blacklist_auth" visibility="protected" complexity="2" crap="6" count="0"/>
      <line num="2068" type="stmt" count="0"/>
      <line num="2071" type="stmt" count="0"/>
      <line num="2074" type="stmt" count="0"/>
      <line num="2075" type="stmt" count="0"/>
      <line num="2076" type="stmt" count="0"/>
      <line num="2077" type="stmt" count="0"/>
      <line num="2079" type="stmt" count="0"/>
      <line num="2087" type="method" name="_check_whitelist_auth" visibility="protected" complexity="3" crap="12" count="0"/>
      <line num="2089" type="stmt" count="0"/>
      <line num="2091" type="stmt" count="0"/>
      <line num="2093" type="stmt" count="0"/>
      <line num="2097" type="stmt" count="0"/>
      <line num="2100" type="stmt" count="0"/>
      <line num="2102" type="stmt" count="0"/>
      <line num="2103" type="stmt" count="0"/>
      <line num="2104" type="stmt" count="0"/>
      <line num="2105" type="stmt" count="0"/>
      <line num="2107" type="stmt" count="0"/>
      <line num="2117" type="method" name="_force_login" visibility="protected" complexity="3" crap="12" count="0"/>
      <line num="2119" type="stmt" count="0"/>
      <line num="2120" type="stmt" count="0"/>
      <line num="2121" type="stmt" count="0"/>
      <line num="2124" type="stmt" count="0"/>
      <line num="2126" type="stmt" count="0"/>
      <line num="2129" type="stmt" count="0"/>
      <line num="2130" type="stmt" count="0"/>
      <line num="2131" type="stmt" count="0"/>
      <line num="2132" type="stmt" count="0"/>
      <line num="2136" type="stmt" count="0"/>
      <line num="2137" type="stmt" count="0"/>
      <line num="2138" type="stmt" count="0"/>
      <line num="2139" type="stmt" count="0"/>
      <line num="2140" type="stmt" count="0"/>
      <line num="2149" type="method" name="_log_access_time" visibility="protected" complexity="1" crap="2" count="0"/>
      <line num="2151" type="stmt" count="0"/>
      <line num="2153" type="stmt" count="0"/>
      <line num="2154" type="stmt" count="0"/>
      <line num="2155" type="stmt" count="0"/>
      <line num="2167" type="method" name="_log_response_code" visibility="protected" complexity="1" crap="2" count="0"/>
      <line num="2169" type="stmt" count="0"/>
      <line num="2171" type="stmt" count="0"/>
      <line num="2172" type="stmt" count="0"/>
      <line num="2173" type="stmt" count="0"/>
      <line num="2183" type="method" name="_check_access" visibility="protected" complexity="4" crap="20" count="0"/>
      <line num="2186" type="stmt" count="0"/>
      <line num="2188" type="stmt" count="0"/>
      <line num="2192" type="stmt" count="0"/>
      <line num="2193" type="stmt" count="0"/>
      <line num="2194" type="stmt" count="0"/>
      <line num="2196" type="stmt" count="0"/>
      <line num="2198" type="stmt" count="0"/>
      <line num="2202" type="stmt" count="0"/>
      <line num="2203" type="stmt" count="0"/>
      <line num="2204" type="stmt" count="0"/>
      <line num="2205" type="stmt" count="0"/>
      <line num="2209" type="stmt" count="0"/>
      <line num="2212" type="stmt" count="0"/>
      <line num="2213" type="stmt" count="0"/>
      <line num="2214" type="stmt" count="0"/>
      <line num="2215" type="stmt" count="0"/>
      <line num="2216" type="stmt" count="0"/>
      <line num="2225" type="method" name="_check_cors" visibility="protected" complexity="5" crap="30" count="0"/>
      <line num="2228" type="stmt" count="0"/>
      <line num="2229" type="stmt" count="0"/>
      <line num="2232" type="stmt" count="0"/>
      <line num="2234" type="stmt" count="0"/>
      <line num="2235" type="stmt" count="0"/>
      <line num="2236" type="stmt" count="0"/>
      <line num="2242" type="stmt" count="0"/>
      <line num="2243" type="stmt" count="0"/>
      <line num="2245" type="stmt" count="0"/>
      <line num="2249" type="stmt" count="0"/>
      <line num="2251" type="stmt" count="0"/>
      <line num="2252" type="stmt" count="0"/>
      <line num="2253" type="stmt" count="0"/>
      <line num="2258" type="stmt" count="0"/>
      <line num="2260" type="stmt" count="0"/>
      <line num="2262" type="stmt" count="0"/>
      <metrics loc="2263" ncloc="1253" classes="1" methods="47" coveredmethods="5" conditionals="0" coveredconditionals="0" statements="625" coveredstatements="128" elements="672" coveredelements="133"/>
    </file>
    <file name="/var/www/html/ci-test-unit/application/views/errors/cli/error_404.php">
      <line num="2" type="stmt" count="0"/>
      <line num="4" type="stmt" count="0"/>
      <line num="5" type="stmt" count="0"/>
      <line num="6" type="stmt" count="0"/>
      <line num="7" type="stmt" count="0"/>
      <line num="8" type="stmt" count="0"/>
      <metrics loc="7" ncloc="7" classes="0" methods="0" coveredmethods="0" conditionals="0" coveredconditionals="0" statements="5" coveredstatements="0" elements="5" coveredelements="0"/>
    </file>
    <file name="/var/www/html/ci-test-unit/application/views/errors/cli/error_db.php">
      <line num="2" type="stmt" count="0"/>
      <line num="4" type="stmt" count="0"/>
      <line num="5" type="stmt" count="0"/>
      <line num="6" type="stmt" count="0"/>
      <line num="7" type="stmt" count="0"/>
      <line num="8" type="stmt" count="0"/>
      <metrics loc="7" ncloc="7" classes="0" methods="0" coveredmethods="0" conditionals="0" coveredconditionals="0" statements="5" coveredstatements="0" elements="5" coveredelements="0"/>
    </file>
    <file name="/var/www/html/ci-test-unit/application/views/errors/cli/error_exception.php">
      <line num="3" type="stmt" count="0"/>
      <line num="12" type="stmt" count="0"/>
      <metrics loc="21" ncloc="21" classes="0" methods="0" coveredmethods="0" conditionals="0" coveredconditionals="0" statements="2" coveredstatements="0" elements="2" coveredelements="0"/>
    </file>
    <file name="/var/www/html/ci-test-unit/application/views/errors/cli/error_general.php">
      <line num="2" type="stmt" count="0"/>
      <line num="4" type="stmt" count="0"/>
      <line num="5" type="stmt" count="0"/>
      <line num="6" type="stmt" count="0"/>
      <line num="7" type="stmt" count="0"/>
      <line num="8" type="stmt" count="0"/>
      <metrics loc="7" ncloc="7" classes="0" methods="0" coveredmethods="0" conditionals="0" coveredconditionals="0" statements="5" coveredstatements="0" elements="5" coveredelements="0"/>
    </file>
    <file name="/var/www/html/ci-test-unit/application/views/errors/cli/error_php.php">
      <line num="3" type="stmt" count="0"/>
      <line num="12" type="stmt" count="0"/>
      <metrics loc="21" ncloc="21" classes="0" methods="0" coveredmethods="0" conditionals="0" coveredconditionals="0" statements="2" coveredstatements="0" elements="2" coveredelements="0"/>
    </file>
    <file name="/var/www/html/ci-test-unit/application/views/errors/html/error_404.php">
      <line num="2" type="stmt" count="0"/>
      <line num="4" type="stmt" count="0"/>
      <line num="5" type="stmt" count="0"/>
      <line num="6" type="stmt" count="0"/>
      <line num="7" type="stmt" count="0"/>
      <line num="8" type="stmt" count="0"/>
      <line num="10" type="stmt" count="0"/>
      <line num="11" type="stmt" count="0"/>
      <line num="13" type="stmt" count="0"/>
      <line num="14" type="stmt" count="0"/>
      <line num="15" type="stmt" count="0"/>
      <line num="16" type="stmt" count="0"/>
      <line num="17" type="stmt" count="0"/>
      <line num="18" type="stmt" count="0"/>
      <line num="20" type="stmt" count="0"/>
      <line num="21" type="stmt" count="0"/>
      <line num="22" type="stmt" count="0"/>
      <line num="23" type="stmt" count="0"/>
      <line num="24" type="stmt" count="0"/>
      <line num="26" type="stmt" count="0"/>
      <line num="27" type="stmt" count="0"/>
      <line num="28" type="stmt" count="0"/>
      <line num="29" type="stmt" count="0"/>
      <line num="30" type="stmt" count="0"/>
      <line num="31" type="stmt" count="0"/>
      <line num="32" type="stmt" count="0"/>
      <line num="33" type="stmt" count="0"/>
      <line num="34" type="stmt" count="0"/>
      <line num="36" type="stmt" count="0"/>
      <line num="37" type="stmt" count="0"/>
      <line num="38" type="stmt" count="0"/>
      <line num="39" type="stmt" count="0"/>
      <line num="40" type="stmt" count="0"/>
      <line num="41" type="stmt" count="0"/>
      <line num="42" type="stmt" count="0"/>
      <line num="43" type="stmt" count="0"/>
      <line num="44" type="stmt" count="0"/>
      <line num="45" type="stmt" count="0"/>
      <line num="47" type="stmt" count="0"/>
      <line num="48" type="stmt" count="0"/>
      <line num="49" type="stmt" count="0"/>
      <line num="50" type="stmt" count="0"/>
      <line num="51" type="stmt" count="0"/>
      <line num="53" type="stmt" count="0"/>
      <line num="54" type="stmt" count="0"/>
      <line num="55" type="stmt" count="0"/>
      <line num="56" type="stmt" count="0"/>
      <line num="57" type="stmt" count="0"/>
      <line num="58" type="stmt" count="0"/>
      <line num="59" type="stmt" count="0"/>
      <line num="62" type="stmt" count="0"/>
      <line num="63" type="stmt" count="0"/>
      <line num="64" type="stmt" count="0"/>
      <metrics loc="63" ncloc="63" classes="0" methods="0" coveredmethods="0" conditionals="0" coveredconditionals="0" statements="52" coveredstatements="0" elements="52" coveredelements="0"/>
    </file>
    <file name="/var/www/html/ci-test-unit/application/views/errors/html/error_db.php">
      <line num="2" type="stmt" count="0"/>
      <line num="4" type="stmt" count="0"/>
      <line num="5" type="stmt" count="0"/>
      <line num="6" type="stmt" count="0"/>
      <line num="7" type="stmt" count="0"/>
      <line num="8" type="stmt" count="0"/>
      <line num="10" type="stmt" count="0"/>
      <line num="11" type="stmt" count="0"/>
      <line num="13" type="stmt" count="0"/>
      <line num="14" type="stmt" count="0"/>
      <line num="15" type="stmt" count="0"/>
      <line num="16" type="stmt" count="0"/>
      <line num="17" type="stmt" count="0"/>
      <line num="18" type="stmt" count="0"/>
      <line num="20" type="stmt" count="0"/>
      <line num="21" type="stmt" count="0"/>
      <line num="22" type="stmt" count="0"/>
      <line num="23" type="stmt" count="0"/>
      <line num="24" type="stmt" count="0"/>
      <line num="26" type="stmt" count="0"/>
      <line num="27" type="stmt" count="0"/>
      <line num="28" type="stmt" count="0"/>
      <line num="29" type="stmt" count="0"/>
      <line num="30" type="stmt" count="0"/>
      <line num="31" type="stmt" count="0"/>
      <line num="32" type="stmt" count="0"/>
      <line num="33" type="stmt" count="0"/>
      <line num="34" type="stmt" count="0"/>
      <line num="36" type="stmt" count="0"/>
      <line num="37" type="stmt" count="0"/>
      <line num="38" type="stmt" count="0"/>
      <line num="39" type="stmt" count="0"/>
      <line num="40" type="stmt" count="0"/>
      <line num="41" type="stmt" count="0"/>
      <line num="42" type="stmt" count="0"/>
      <line num="43" type="stmt" count="0"/>
      <line num="44" type="stmt" count="0"/>
      <line num="45" type="stmt" count="0"/>
      <line num="47" type="stmt" count="0"/>
      <line num="48" type="stmt" count="0"/>
      <line num="49" type="stmt" count="0"/>
      <line num="50" type="stmt" count="0"/>
      <line num="51" type="stmt" count="0"/>
      <line num="53" type="stmt" count="0"/>
      <line num="54" type="stmt" count="0"/>
      <line num="55" type="stmt" count="0"/>
      <line num="56" type="stmt" count="0"/>
      <line num="57" type="stmt" count="0"/>
      <line num="58" type="stmt" count="0"/>
      <line num="59" type="stmt" count="0"/>
      <line num="62" type="stmt" count="0"/>
      <line num="63" type="stmt" count="0"/>
      <line num="64" type="stmt" count="0"/>
      <metrics loc="63" ncloc="63" classes="0" methods="0" coveredmethods="0" conditionals="0" coveredconditionals="0" statements="52" coveredstatements="0" elements="52" coveredelements="0"/>
    </file>
    <file name="/var/www/html/ci-test-unit/application/views/errors/html/error_exception.php">
      <line num="2" type="stmt" count="0"/>
      <line num="5" type="stmt" count="0"/>
      <line num="7" type="stmt" count="0"/>
      <line num="16" type="stmt" count="0"/>
      <line num="21" type="stmt" count="0"/>
      <line num="25" type="stmt" count="0"/>
      <line num="32" type="stmt" count="0"/>
      <metrics loc="31" ncloc="31" classes="0" methods="0" coveredmethods="0" conditionals="0" coveredconditionals="0" statements="6" coveredstatements="0" elements="6" coveredelements="0"/>
    </file>
    <file name="/var/www/html/ci-test-unit/application/views/errors/html/error_general.php">
      <line num="2" type="stmt" count="0"/>
      <line num="4" type="stmt" count="0"/>
      <line num="5" type="stmt" count="0"/>
      <line num="6" type="stmt" count="0"/>
      <line num="7" type="stmt" count="0"/>
      <line num="8" type="stmt" count="0"/>
      <line num="10" type="stmt" count="0"/>
      <line num="11" type="stmt" count="0"/>
      <line num="13" type="stmt" count="0"/>
      <line num="14" type="stmt" count="0"/>
      <line num="15" type="stmt" count="0"/>
      <line num="16" type="stmt" count="0"/>
      <line num="17" type="stmt" count="0"/>
      <line num="18" type="stmt" count="0"/>
      <line num="20" type="stmt" count="0"/>
      <line num="21" type="stmt" count="0"/>
      <line num="22" type="stmt" count="0"/>
      <line num="23" type="stmt" count="0"/>
      <line num="24" type="stmt" count="0"/>
      <line num="26" type="stmt" count="0"/>
      <line num="27" type="stmt" count="0"/>
      <line num="28" type="stmt" count="0"/>
      <line num="29" type="stmt" count="0"/>
      <line num="30" type="stmt" count="0"/>
      <line num="31" type="stmt" count="0"/>
      <line num="32" type="stmt" count="0"/>
      <line num="33" type="stmt" count="0"/>
      <line num="34" type="stmt" count="0"/>
      <line num="36" type="stmt" count="0"/>
      <line num="37" type="stmt" count="0"/>
      <line num="38" type="stmt" count="0"/>
      <line num="39" type="stmt" count="0"/>
      <line num="40" type="stmt" count="0"/>
      <line num="41" type="stmt" count="0"/>
      <line num="42" type="stmt" count="0"/>
      <line num="43" type="stmt" count="0"/>
      <line num="44" type="stmt" count="0"/>
      <line num="45" type="stmt" count="0"/>
      <line num="47" type="stmt" count="0"/>
      <line num="48" type="stmt" count="0"/>
      <line num="49" type="stmt" count="0"/>
      <line num="50" type="stmt" count="0"/>
      <line num="51" type="stmt" count="0"/>
      <line num="53" type="stmt" count="0"/>
      <line num="54" type="stmt" count="0"/>
      <line num="55" type="stmt" count="0"/>
      <line num="56" type="stmt" count="0"/>
      <line num="57" type="stmt" count="0"/>
      <line num="58" type="stmt" count="0"/>
      <line num="59" type="stmt" count="0"/>
      <line num="62" type="stmt" count="0"/>
      <line num="63" type="stmt" count="0"/>
      <line num="64" type="stmt" count="0"/>
      <metrics loc="63" ncloc="63" classes="0" methods="0" coveredmethods="0" conditionals="0" coveredconditionals="0" statements="52" coveredstatements="0" elements="52" coveredelements="0"/>
    </file>
    <file name="/var/www/html/ci-test-unit/application/views/errors/html/error_php.php">
      <line num="2" type="stmt" count="0"/>
      <line num="5" type="stmt" count="0"/>
      <line num="7" type="stmt" count="0"/>
      <line num="16" type="stmt" count="0"/>
      <line num="21" type="stmt" count="0"/>
      <line num="25" type="stmt" count="0"/>
      <line num="33" type="stmt" count="0"/>
      <metrics loc="32" ncloc="32" classes="0" methods="0" coveredmethods="0" conditionals="0" coveredconditionals="0" statements="6" coveredstatements="0" elements="6" coveredelements="0"/>
    </file>
    <file name="/var/www/html/ci-test-unit/application/views/welcome_message.php">
      <line num="2" type="stmt" count="0"/>
      <line num="4" type="stmt" count="0"/>
      <line num="5" type="stmt" count="0"/>
      <line num="6" type="stmt" count="0"/>
      <line num="7" type="stmt" count="0"/>
      <line num="9" type="stmt" count="0"/>
      <line num="11" type="stmt" count="0"/>
      <line num="12" type="stmt" count="0"/>
      <line num="14" type="stmt" count="0"/>
      <line num="15" type="stmt" count="0"/>
      <line num="16" type="stmt" count="0"/>
      <line num="17" type="stmt" count="0"/>
      <line num="18" type="stmt" count="0"/>
      <line num="19" type="stmt" count="0"/>
      <line num="21" type="stmt" count="0"/>
      <line num="22" type="stmt" count="0"/>
      <line num="23" type="stmt" count="0"/>
      <line num="24" type="stmt" count="0"/>
      <line num="25" type="stmt" count="0"/>
      <line num="27" type="stmt" count="0"/>
      <line num="28" type="stmt" count="0"/>
      <line num="29" type="stmt" count="0"/>
      <line num="30" type="stmt" count="0"/>
      <line num="31" type="stmt" count="0"/>
      <line num="32" type="stmt" count="0"/>
      <line num="33" type="stmt" count="0"/>
      <line num="34" type="stmt" count="0"/>
      <line num="35" type="stmt" count="0"/>
      <line num="37" type="stmt" count="0"/>
      <line num="38" type="stmt" count="0"/>
      <line num="39" type="stmt" count="0"/>
      <line num="40" type="stmt" count="0"/>
      <line num="41" type="stmt" count="0"/>
      <line num="42" type="stmt" count="0"/>
      <line num="43" type="stmt" count="0"/>
      <line num="44" type="stmt" count="0"/>
      <line num="45" type="stmt" count="0"/>
      <line num="46" type="stmt" count="0"/>
      <line num="48" type="stmt" count="0"/>
      <line num="49" type="stmt" count="0"/>
      <line num="50" type="stmt" count="0"/>
      <line num="52" type="stmt" count="0"/>
      <line num="53" type="stmt" count="0"/>
      <line num="54" type="stmt" count="0"/>
      <line num="55" type="stmt" count="0"/>
      <line num="56" type="stmt" count="0"/>
      <line num="57" type="stmt" count="0"/>
      <line num="58" type="stmt" count="0"/>
      <line num="59" type="stmt" count="0"/>
      <line num="61" type="stmt" count="0"/>
      <line num="62" type="stmt" count="0"/>
      <line num="63" type="stmt" count="0"/>
      <line num="64" type="stmt" count="0"/>
      <line num="65" type="stmt" count="0"/>
      <line num="66" type="stmt" count="0"/>
      <line num="67" type="stmt" count="0"/>
      <line num="68" type="stmt" count="0"/>
      <line num="70" type="stmt" count="0"/>
      <line num="71" type="stmt" count="0"/>
      <line num="73" type="stmt" count="0"/>
      <line num="74" type="stmt" count="0"/>
      <line num="76" type="stmt" count="0"/>
      <line num="77" type="stmt" count="0"/>
      <line num="79" type="stmt" count="0"/>
      <line num="80" type="stmt" count="0"/>
      <line num="82" type="stmt" count="0"/>
      <line num="83" type="stmt" count="0"/>
      <line num="86" type="stmt" count="0"/>
      <line num="88" type="stmt" count="0"/>
      <line num="89" type="stmt" count="0"/>
      <metrics loc="88" ncloc="88" classes="0" methods="0" coveredmethods="0" conditionals="0" coveredconditionals="0" statements="69" coveredstatements="0" elements="69" coveredelements="0"/>
    </file>
    <metrics files="15" loc="3275" ncloc="1919" classes="4" methods="64" coveredmethods="8" conditionals="0" coveredconditionals="0" statements="998" coveredstatements="145" elements="1062" coveredelements="153"/>
  </project>
</coverage>
